<?xml version="1.0" encoding="UTF-8"?>
<!-- Generated by org.testng.reporters.JUnitXMLReporter -->
<testsuite ignored="2" hostname="Amritas-MacBook-Pro.local" failures="0" tests="1" name="Default test" time="10.503" errors="0" timestamp="2025-06-03T17:45:25 EDT">
  <testcase classname="SalesForce.Test.RandomScenarioTest" name="allAvailableTabsVerification" time="7.035"/>
  <testcase classname="SalesForce.Test.RandomScenarioTest" name="lastnameEditUpdateVerification" time="0.0">
    <ignored/>
  </testcase> <!-- lastnameEditUpdateVerification -->
  <testcase classname="SalesForce.Test.RandomScenarioTest" name="userNameLinkVerification" time="0.0">
    <ignored/>
  </testcase> <!-- userNameLinkVerification -->
</testsuite> <!-- Default test -->
