<?xml version="1.0" encoding="UTF-8"?>
<!-- Generated by org.testng.reporters.JUnitXMLReporter -->
<testsuite ignored="7" hostname="Amritas-MacBook-Pro.local" failures="0" tests="1" name="Default test" time="8.567" errors="0" timestamp="2025-05-27T22:40:57 EDT">
  <testcase classname="SalesForce.Test.ContactsTest" name="saveAndNewClick" time="4.706"/>
  <testcase classname="SalesForce.Test.ContactsTest" name="ViewErrorMessage" time="0.0">
    <ignored/>
  </testcase> <!-- ViewErrorMessage -->
  <testcase classname="SalesForce.Test.ContactsTest" name="cancelButtonViewPage" time="0.0">
    <ignored/>
  </testcase> <!-- cancelButtonViewPage -->
  <testcase classname="SalesForce.Test.ContactsTest" name="recentContactDisplay" time="0.0">
    <ignored/>
  </testcase> <!-- recentContactDisplay -->
  <testcase classname="SalesForce.Test.ContactsTest" name="myContactlink" time="0.0">
    <ignored/>
  </testcase> <!-- myContactlink -->
  <testcase classname="SalesForce.Test.ContactsTest" name="viewContactPage" time="0.0">
    <ignored/>
  </testcase> <!-- viewContactPage -->
  <testcase classname="SalesForce.Test.ContactsTest" name="createNewViewContact" time="0.0">
    <ignored/>
  </testcase> <!-- createNewViewContact -->
  <testcase classname="SalesForce.Test.ContactsTest" name="createNewContantsValidation" time="0.0">
    <ignored/>
  </testcase> <!-- createNewContantsValidation -->
</testsuite> <!-- Default test -->
