<?xml version="1.0" encoding="UTF-8"?>
<!-- Generated by org.testng.reporters.JUnitXMLReporter -->
<testsuite ignored="0" hostname="Amritas-MacBook-Pro.local" failures="0" tests="3" name="Login" time="26.985" errors="0" timestamp="2025-06-03T17:48:24 EDT">
  <testcase classname="SalesForce.Test.RandomScenarioTest" name="userNameLinkVerification" time="4.388"/>
  <testcase classname="SalesForce.Test.RandomScenarioTest" name="lastnameEditUpdateVerification" time="8.331"/>
  <testcase classname="SalesForce.Test.RandomScenarioTest" name="allAvailableTabsVerification" time="5.387"/>
</testsuite> <!-- Login -->
