<?xml version="1.0" encoding="UTF-8"?>
<!-- Generated by org.testng.reporters.JUnitXMLReporter -->
<testsuite ignored="0" hostname="Amritas-MacBook-Pro.local" failures="0" tests="4" name="Login" time="38.345" errors="0" timestamp="2025-06-04T11:33:49 EDT">
  <testcase classname="SalesForce.Test.RandomScenarioTest" name="userNameLinkVerification" time="4.01"/>
  <testcase classname="SalesForce.Test.RandomScenarioTest" name="lastnameEditUpdateVerification" time="8.906"/>
  <testcase classname="SalesForce.Test.RandomScenarioTest" name="allAvailableTabsVerification" time="8.169"/>
  <testcase classname="SalesForce.Test.RandomScenarioTest" name="calenderEventBlockValidation" time="5.695"/>
</testsuite> <!-- Login -->
