<?xml version="1.0" encoding="UTF-8"?>
<testng-results ignored="0" total="3" passed="3" failed="0" skipped="0">
  <reporter-output>
  </reporter-output>
  <suite started-at="2025-06-03T17:47:57 EDT" name="Automation" finished-at="2025-06-03T17:48:24 EDT" duration-ms="26985">
    <groups>
    </groups>
    <test started-at="2025-06-03T17:47:57 EDT" name="Login" finished-at="2025-06-03T17:48:24 EDT" duration-ms="26985">
      <class name="SalesForce.Test.RandomScenarioTest">
        <test-method is-config="true" signature="beforemethod()[pri:0, instance:SalesForce.Test.RandomScenarioTest@815b41f]" started-at="2025-06-03T17:47:57 EDT" name="beforemethod" finished-at="2025-06-03T17:48:00 EDT" duration-ms="2854" status="PASS">
          <reporter-output>
          </reporter-output>
        </test-method> <!-- beforemethod -->
        <test-method signature="userNameLinkVerification()[pri:1, instance:SalesForce.Test.RandomScenarioTest@815b41f]" started-at="2025-06-03T17:48:00 EDT" name="userNameLinkVerification" finished-at="2025-06-03T17:48:04 EDT" duration-ms="4388" status="PASS">
          <reporter-output>
          </reporter-output>
        </test-method> <!-- userNameLinkVerification -->
        <test-method is-config="true" signature="teardown()[pri:0, instance:SalesForce.Test.RandomScenarioTest@815b41f]" started-at="2025-06-03T17:48:04 EDT" name="teardown" finished-at="2025-06-03T17:48:05 EDT" duration-ms="490" status="PASS">
          <reporter-output>
          </reporter-output>
        </test-method> <!-- teardown -->
        <test-method is-config="true" signature="beforemethod()[pri:0, instance:SalesForce.Test.RandomScenarioTest@815b41f]" started-at="2025-06-03T17:48:05 EDT" name="beforemethod" finished-at="2025-06-03T17:48:07 EDT" duration-ms="1998" status="PASS">
          <reporter-output>
          </reporter-output>
        </test-method> <!-- beforemethod -->
        <test-method signature="lastnameEditUpdateVerification()[pri:2, instance:SalesForce.Test.RandomScenarioTest@815b41f]" started-at="2025-06-03T17:48:07 EDT" name="lastnameEditUpdateVerification" finished-at="2025-06-03T17:48:15 EDT" duration-ms="8331" status="PASS">
          <reporter-output>
          </reporter-output>
        </test-method> <!-- lastnameEditUpdateVerification -->
        <test-method is-config="true" signature="teardown()[pri:0, instance:SalesForce.Test.RandomScenarioTest@815b41f]" started-at="2025-06-03T17:48:15 EDT" name="teardown" finished-at="2025-06-03T17:48:15 EDT" duration-ms="444" status="PASS">
          <reporter-output>
          </reporter-output>
        </test-method> <!-- teardown -->
        <test-method is-config="true" signature="beforemethod()[pri:0, instance:SalesForce.Test.RandomScenarioTest@815b41f]" started-at="2025-06-03T17:48:15 EDT" name="beforemethod" finished-at="2025-06-03T17:48:17 EDT" duration-ms="2088" status="PASS">
          <reporter-output>
          </reporter-output>
        </test-method> <!-- beforemethod -->
        <test-method signature="allAvailableTabsVerification()[pri:3, instance:SalesForce.Test.RandomScenarioTest@815b41f]" started-at="2025-06-03T17:48:17 EDT" name="allAvailableTabsVerification" finished-at="2025-06-03T17:48:23 EDT" duration-ms="5387" status="PASS">
          <reporter-output>
          </reporter-output>
        </test-method> <!-- allAvailableTabsVerification -->
        <test-method is-config="true" signature="teardown()[pri:0, instance:SalesForce.Test.RandomScenarioTest@815b41f]" started-at="2025-06-03T17:48:23 EDT" name="teardown" finished-at="2025-06-03T17:48:24 EDT" duration-ms="956" status="PASS">
          <reporter-output>
          </reporter-output>
        </test-method> <!-- teardown -->
      </class> <!-- SalesForce.Test.RandomScenarioTest -->
    </test> <!-- Login -->
  </suite> <!-- Automation -->
</testng-results>
